   Compiling dryad_lexer v0.1.0 (C:\Users\Pedro Jesus\Downloads\source-main\source-main\crates\dryad_lexer)
   Compiling dryad_parser v0.1.0 (C:\Users\Pedro Jesus\Downloads\source-main\source-main\crates\dryad_parser)
warning: unused variable: `index_expr`
   --> crates\dryad_parser\src\parser.rs:171:33
    |
171 | ...                   let index_expr = self.expression()?;
    |                           ^^^^^^^^^^ help: if this is intentional, prefix it with an underscore: `_index_expr`
    |
    = note: `#[warn(unused_variables)]` (part of `#[warn(unused)]`) on by default

   Compiling dryad_runtime v0.1.0 (C:\Users\Pedro Jesus\Downloads\source-main\source-main\crates\dryad_runtime)
warning: `dryad_parser` (lib) generated 1 warning (run `cargo fix --lib -p dryad_parser` to apply 1 suggestion)
warning: unused import: `Value as JsonValue`
  --> crates\dryad_runtime\src\interpreter.rs:11:24
   |
11 | use serde_json::{self, Value as JsonValue};
   |                        ^^^^^^^^^^^^^^^^^^
   |
   = note: `#[warn(unused_imports)]` (part of `#[warn(unused)]`) on by default

warning: unused imports: `Arc` and `Mutex`
  --> crates\dryad_runtime\src\interpreter.rs:12:17
   |
12 | use std::sync::{Arc, Mutex};
   |                 ^^^  ^^^^^

warning: unused import: `HeapId`
 --> crates\dryad_runtime\src\native_modules\encode_decode.rs:4:40
  |
4 | use crate::heap::{Heap, ManagedObject, HeapId};
  |                                        ^^^^^^

warning: unused import: `HeapId`
  --> crates\dryad_runtime\src\native_modules\mod.rs:24:25
   |
24 | use crate::heap::{Heap, HeapId};
   |                         ^^^^^^

warning: unused import: `std::fs`
 --> crates\dryad_runtime\src\resolver.rs:3:5
  |
3 | use std::fs;
  |     ^^^^^^^

warning: unused import: `Expr`
 --> crates\dryad_runtime\src\value.rs:1:31
  |
1 | use dryad_parser::ast::{Stmt, Expr, Visibility};
  |                               ^^^^

warning: unused import: `std::collections::HashMap`
 --> crates\dryad_runtime\src\value.rs:2:5
  |
2 | use std::collections::HashMap;
  |     ^^^^^^^^^^^^^^^^^^^^^^^^^

warning: unused import: `crate::value::Value`
 --> crates\dryad_runtime\src\debug.rs:4:5
  |
4 | use crate::value::Value;
  |     ^^^^^^^^^^^^^^^^^^^

warning: unused import: `std::net::SocketAddr`
 --> crates\dryad_runtime\src\debug_server.rs:1:5
  |
1 | use std::net::SocketAddr;
  |     ^^^^^^^^^^^^^^^^^^^^

warning: unused import: `std::sync::Arc`
 --> crates\dryad_runtime\src\debug_server.rs:2:5
  |
2 | use std::sync::Arc;
  |     ^^^^^^^^^^^^^^

warning: unused import: `AsyncReadExt`
 --> crates\dryad_runtime\src\debug_server.rs:4:17
  |
4 | use tokio::io::{AsyncReadExt, AsyncWriteExt};
  |                 ^^^^^^^^^^^^

warning: unused import: `DebugEvent`
 --> crates\dryad_runtime\src\debug_server.rs:5:52
  |
5 | use crate::debug::{SharedDebugState, DebugCommand, DebugEvent};
  |                                                    ^^^^^^^^^^

warning: unused variable: `is_async`
   --> crates\dryad_runtime\src\interpreter.rs:576:70
    |
576 |                         ClassMember::Method { visibility, is_static, is_async, name: method_name, params, body, .. } => {
    |                                                                      ^^^^^^^^ help: try ignoring the field: `is_async: _`
    |
    = note: `#[warn(unused_variables)]` (part of `#[warn(unused)]`) on by default

warning: unused variable: `location`
   --> crates\dryad_runtime\src\interpreter.rs:967:128
    |
967 | ...>, arg_values: Vec<Value>, location: &SourceLocation) -> Result<Value, DryadError> {
    |                               ^^^^^^^^ help: if this is intentional, prefix it with an underscore: `_location`

warning: unused variable: `properties`
    --> crates\dryad_runtime\src\interpreter.rs:1850:62
     |
1850 |                 if let ManagedObject::Instance { class_name, properties } = heap_obj {
     |                                                              ^^^^^^^^^^ help: try ignoring the field: `properties: _`

warning: unused variable: `properties`
    --> crates\dryad_runtime\src\interpreter.rs:1923:29
     |
1923 |                         let properties = properties.clone();
     |                             ^^^^^^^^^^ help: if this is intentional, prefix it with an underscore: `_properties`

warning: unused variable: `methods`
    --> crates\dryad_runtime\src\interpreter.rs:1924:29
     |
1924 |                         let methods = methods.clone();
     |                             ^^^^^^^ help: if this is intentional, prefix it with an underscore: `_methods`

warning: unused variable: `location`
    --> crates\dryad_runtime\src\interpreter.rs:2239:64
     |
2239 |     fn eval_match(&mut self, target: &Expr, arms: &[MatchArm], location: &SourceLocation) -> Result<Value, DryadError> {
     |                                                                ^^^^^^^^ help: if this is intentional, prefix it with an underscore: `_location`

warning: unused variable: `id`
    --> crates\dryad_runtime\src\interpreter.rs:2390:30
     |
2390 |             Value::Promise { id, resolved: true, value: Some(val) } => Ok(*val),
     |                              ^^ help: try ignoring the field: `id: _`

warning: variable does not need to be mutable
    --> crates\dryad_runtime\src\interpreter.rs:2991:21
     |
2991 |                 let mut idx = if start_index >= 0 { 
     |                     ----^^^
     |                     |
     |                     help: remove this `mut`
     |
     = note: `#[warn(unused_mut)]` (part of `#[warn(unused)]`) on by default

warning: unused variable: `buffer`
   --> crates\dryad_runtime\src\native_modules\tcp.rs:102:9
    |
102 |     let buffer = [0; 1024];
    |         ^^^^^^ help: if this is intentional, prefix it with an underscore: `_buffer`

warning: fields `method`, `path`, and `response_headers` are never read
  --> crates\dryad_runtime\src\native_modules\http_server.rs:30:5
   |
29 | struct RouteHandler {
   |        ------------ fields in this struct
30 |     method: String,
   |     ^^^^^^
31 |     path: String,
   |     ^^^^
32 |     response_body: String,
33 |     response_headers: HashMap<String, String>,
   |     ^^^^^^^^^^^^^^^^
   |
   = note: `RouteHandler` has derived impls for the traits `Debug` and `Clone`, but these are intentionally ignored during dead code analysis
   = note: `#[warn(dead_code)]` (part of `#[warn(unused)]`) on by default

warning: `dryad_runtime` (lib test) generated 22 warnings (22 duplicates)
warning: `dryad_runtime` (lib) generated 22 warnings (run `cargo fix --lib -p dryad_runtime` to apply 21 suggestions)
error[E0023]: this pattern has 3 fields, but the corresponding tuple variant has 4 fields
  --> crates\dryad_runtime\tests\array_runtime_tests.rs:23:49
   |
23 |         dryad_parser::ast::Stmt::VarDeclaration(_, Some(expr), _) => expr.clone(),
   |                                                 ^  ^^^^^^^^^^  ^ expected 4 fields, found 3
   |
  ::: C:\Users\Pedro Jesus\Downloads\source-main\source-main\crates\dryad_parser\src\ast.rs:51:20
   |
51 |     VarDeclaration(String, Option<Type>, Option<Expr>, SourceLocation), // nome, tipo opcional, valor opcional
   |                    ------  ------------  ------------  -------------- tuple variant has 4 fields
   |
help: use `_` to explicitly ignore each field
   |
23 |         dryad_parser::ast::Stmt::VarDeclaration(_, Some(expr), _, _) => expr.clone(),
   |                                                                 +++

error[E0282]: type annotations needed
  --> crates\dryad_runtime\tests\array_runtime_tests.rs:23:70
   |
23 |         dryad_parser::ast::Stmt::VarDeclaration(_, Some(expr), _) => expr.clone(),
   |                                                                      ^^^^ cannot infer type

error[E0026]: variant `dryad_runtime::Value::Object` does not have a field named `properties`
   --> crates\dryad_runtime\tests\http_client_tests.rs:165:25
    |
165 |         Value::Object { properties, .. } => {
    |                         ^^^^^^^^^^
    |                         |
    |                         variant `dryad_runtime::Value::Object` does not have this field
    |                         help: `dryad_runtime::Value::Object` has a field named `0`

For more information about this error, try `rustc --explain E0026`.
error: could not compile `dryad_runtime` (test "http_client_tests") due to 1 previous error
warning: build failed, waiting for other jobs to finish...
error[E0599]: no method named `len` found for type `usize` in the current scope
  --> crates\dryad_runtime\tests\array_runtime_tests.rs:37:33
   |
37 |             assert_eq!(elements.len(), 0);
   |                                 ^^^
   |
help: there is a method `le` with a similar name, but with different arguments
  --> /rustc/254b59607d4417e9dffbc307138ae5c86280fe4c\library\core\src\cmp.rs:1416:5

error[E0599]: no method named `len` found for type `usize` in the current scope
  --> crates\dryad_runtime\tests\array_runtime_tests.rs:52:33
   |
52 |             assert_eq!(elements.len(), 3);
   |                                 ^^^
   |
help: there is a method `le` with a similar name, but with different arguments
  --> /rustc/254b59607d4417e9dffbc307138ae5c86280fe4c\library\core\src\cmp.rs:1416:5

error[E0608]: cannot index into a value of type `usize`
  --> crates\dryad_runtime\tests\array_runtime_tests.rs:53:32
   |
53 |             assert_eq!(elements[0], Value::Number(1.0));
   |                                ^^^

error[E0608]: cannot index into a value of type `usize`
  --> crates\dryad_runtime\tests\array_runtime_tests.rs:54:32
   |
54 |             assert_eq!(elements[1], Value::Number(2.0));
   |                                ^^^

error[E0608]: cannot index into a value of type `usize`
  --> crates\dryad_runtime\tests\array_runtime_tests.rs:55:32
   |
55 |             assert_eq!(elements[2], Value::Number(3.0));
   |                                ^^^

error[E0599]: no method named `len` found for type `usize` in the current scope
  --> crates\dryad_runtime\tests\array_runtime_tests.rs:70:33
   |
70 |             assert_eq!(elements.len(), 3);
   |                                 ^^^
   |
help: there is a method `le` with a similar name, but with different arguments
  --> /rustc/254b59607d4417e9dffbc307138ae5c86280fe4c\library\core\src\cmp.rs:1416:5

error[E0608]: cannot index into a value of type `usize`
  --> crates\dryad_runtime\tests\array_runtime_tests.rs:71:32
   |
71 |             assert_eq!(elements[0], Value::Number(1.0));
   |                                ^^^

error[E0608]: cannot index into a value of type `usize`
  --> crates\dryad_runtime\tests\array_runtime_tests.rs:72:32
   |
72 |             assert_eq!(elements[1], Value::String("dois".to_string()));
   |                                ^^^

error[E0608]: cannot index into a value of type `usize`
  --> crates\dryad_runtime\tests\array_runtime_tests.rs:73:32
   |
73 |             assert_eq!(elements[2], Value::Bool(true));
   |                                ^^^

error[E0599]: no method named `len` found for type `usize` in the current scope
  --> crates\dryad_runtime\tests\array_runtime_tests.rs:88:33
   |
88 |             assert_eq!(elements.len(), 2);
   |                                 ^^^
   |
help: there is a method `le` with a similar name, but with different arguments
  --> /rustc/254b59607d4417e9dffbc307138ae5c86280fe4c\library\core\src\cmp.rs:1416:5

error[E0608]: cannot index into a value of type `usize`
  --> crates\dryad_runtime\tests\array_runtime_tests.rs:90:28
   |
90 |             match &elements[0] {
   |                            ^^^

error[E0599]: no method named `len` found for type `usize` in the current scope
  --> crates\dryad_runtime\tests\array_runtime_tests.rs:92:45
   |
92 |                     assert_eq!(sub_elements.len(), 2);
   |                                             ^^^
   |
help: there is a method `le` with a similar name, but with different arguments
  --> /rustc/254b59607d4417e9dffbc307138ae5c86280fe4c\library\core\src\cmp.rs:1416:5

error[E0608]: cannot index into a value of type `usize`
  --> crates\dryad_runtime\tests\array_runtime_tests.rs:93:44
   |
93 |                     assert_eq!(sub_elements[0], Value::Number(1.0));
   |                                            ^^^

error[E0608]: cannot index into a value of type `usize`
  --> crates\dryad_runtime\tests\array_runtime_tests.rs:94:44
   |
94 |                     assert_eq!(sub_elements[1], Value::Number(2.0));
   |                                            ^^^

error[E0608]: cannot index into a value of type `usize`
  --> crates\dryad_runtime\tests\array_runtime_tests.rs:99:28
   |
99 |             match &elements[1] {
   |                            ^^^

error[E0599]: no method named `len` found for type `usize` in the current scope
   --> crates\dryad_runtime\tests\array_runtime_tests.rs:101:45
    |
101 |                     assert_eq!(sub_elements.len(), 2);
    |                                             ^^^
    |
help: there is a method `le` with a similar name, but with different arguments
   --> /rustc/254b59607d4417e9dffbc307138ae5c86280fe4c\library\core\src\cmp.rs:1416:5

error[E0608]: cannot index into a value of type `usize`
   --> crates\dryad_runtime\tests\array_runtime_tests.rs:102:44
    |
102 |                     assert_eq!(sub_elements[0], Value::Number(3.0));
    |                                            ^^^

error[E0608]: cannot index into a value of type `usize`
   --> crates\dryad_runtime\tests\array_runtime_tests.rs:103:44
    |
103 |                     assert_eq!(sub_elements[1], Value::Number(4.0));
    |                                            ^^^

error[E0308]: mismatched types
   --> crates\dryad_runtime\tests\array_runtime_tests.rs:117:62
    |
117 |       interpreter.set_variable("arr".to_string(), Value::Array(vec![
    |  _________________________________________________------------_^
    | |                                                 |
    | |                                                 arguments to this enum variant are incorrect
118 | |         Value::Number(10.0),
119 | |         Value::Number(20.0),
120 | |         Value::Number(30.0),
121 | |     ]));
    | |_____^ expected `usize`, found `Vec<Value>`
    |
    = note: expected type `usize`
             found struct `Vec<Value>`
note: tuple variant defined here
   --> C:\Users\Pedro Jesus\Downloads\source-main\source-main\crates\dryad_runtime\src\value.rs:18:5
    |
 18 |     Array(HeapId),
    |     ^^^^^

error[E0308]: mismatched types
   --> crates\dryad_runtime\tests\array_runtime_tests.rs:134:62
    |
134 |       interpreter.set_variable("arr".to_string(), Value::Array(vec![
    |  _________________________________________________------------_^
    | |                                                 |
    | |                                                 arguments to this enum variant are incorrect
135 | |         Value::Number(10.0),
136 | |     ]));
    | |_____^ expected `usize`, found `Vec<Value>`
    |
    = note: expected type `usize`
             found struct `Vec<Value>`
note: tuple variant defined here
   --> C:\Users\Pedro Jesus\Downloads\source-main\source-main\crates\dryad_runtime\src\value.rs:18:5
    |
 18 |     Array(HeapId),
    |     ^^^^^

error[E0599]: no method named `len` found for type `usize` in the current scope
   --> crates\dryad_runtime\tests\array_runtime_tests.rs:155:33
    |
155 |             assert_eq!(elements.len(), 0);
    |                                 ^^^
    |
help: there is a method `le` with a similar name, but with different arguments
   --> /rustc/254b59607d4417e9dffbc307138ae5c86280fe4c\library\core\src\cmp.rs:1416:5

error[E0599]: no method named `len` found for type `usize` in the current scope
   --> crates\dryad_runtime\tests\array_runtime_tests.rs:170:33
    |
170 |             assert_eq!(elements.len(), 3);
    |                                 ^^^
    |
help: there is a method `le` with a similar name, but with different arguments
   --> /rustc/254b59607d4417e9dffbc307138ae5c86280fe4c\library\core\src\cmp.rs:1416:5

error[E0608]: cannot index into a value of type `usize`
   --> crates\dryad_runtime\tests\array_runtime_tests.rs:171:32
    |
171 |             assert_eq!(elements[0], Value::Number(1.0));
    |                                ^^^

error[E0608]: cannot index into a value of type `usize`
   --> crates\dryad_runtime\tests\array_runtime_tests.rs:172:32
    |
172 |             assert_eq!(elements[1], Value::String("dois".to_string()));
    |                                ^^^

error[E0608]: cannot index into a value of type `usize`
   --> crates\dryad_runtime\tests\array_runtime_tests.rs:173:32
    |
173 |             assert_eq!(elements[2], Value::Number(3.0));
    |                                ^^^

error[E0308]: mismatched types
   --> crates\dryad_runtime\tests\array_runtime_tests.rs:184:64
    |
184 |       interpreter.set_variable("tupla".to_string(), Value::Tuple(vec![
    |  ___________________________________________________------------_^
    | |                                                   |
    | |                                                   arguments to this enum variant are incorrect
185 | |         Value::Number(1.0),
186 | |         Value::String("dois".to_string()),
187 | |         Value::Number(3.0),
188 | |     ]));
    | |_____^ expected `usize`, found `Vec<Value>`
    |
    = note: expected type `usize`
             found struct `Vec<Value>`
note: tuple variant defined here
   --> C:\Users\Pedro Jesus\Downloads\source-main\source-main\crates\dryad_runtime\src\value.rs:19:5
    |
 19 |     Tuple(HeapId),
    |     ^^^^^

error[E0308]: mismatched types
   --> crates\dryad_runtime\tests\array_runtime_tests.rs:201:64
    |
201 |       interpreter.set_variable("tupla".to_string(), Value::Tuple(vec![
    |  ___________________________________________________------------_^
    | |                                                   |
    | |                                                   arguments to this enum variant are incorrect
202 | |         Value::Number(1.0),
203 | |     ]));
    | |_____^ expected `usize`, found `Vec<Value>`
    |
    = note: expected type `usize`
             found struct `Vec<Value>`
note: tuple variant defined here
   --> C:\Users\Pedro Jesus\Downloads\source-main\source-main\crates\dryad_runtime\src\value.rs:19:5
    |
 19 |     Tuple(HeapId),
    |     ^^^^^

Some errors have detailed explanations: E0023, E0282, E0308, E0599, E0608.
For more information about an error, try `rustc --explain E0023`.
error: could not compile `dryad_runtime` (test "array_runtime_tests") due to 29 previous errors
